0 info it worked if it ends with ok
1 verbose cli [ '/home/csc/.nvm/v0.11.15/bin/node',
1 verbose cli   '/home/csc/.nvm/v0.11.15/bin/npm',
1 verbose cli   'test' ]
2 info using npm@2.1.6
3 info using node@v0.11.15
4 verbose stack Error: ENOENT, open '/home/csc/myApps/pos/pos/package.json'
4 verbose stack     at Error (native)
5 verbose cwd /home/csc/myApps/pos/pos
6 error Linux 3.13.0-44-generic
7 error argv "/home/csc/.nvm/v0.11.15/bin/node" "/home/csc/.nvm/v0.11.15/bin/npm" "test"
8 error node v0.11.15
9 error npm  v2.1.6
10 error path /home/csc/myApps/pos/pos/package.json
11 error code ENOENT
12 error errno -2
13 error ENOENT, open '/home/csc/myApps/pos/pos/package.json'
14 error If you need help, you may report this error at:
14 error     <http://github.com/npm/npm/issues>
15 verbose exit [ -2, true ]
